[boot] loading config...
[boot] making brokers/data feeds...
[boot] universe(base=5, dyn=0) → 5 symbols
[boot] loop_sleep_seconds=900
[boot] equity_scale=0.001
C:\Users\deadz\Downloads\risky_bot_full_topk_with_bat\run_loop_multi.py:131: DeprecationWarning: datetime.datetime.utcnow() is deprecated and scheduled for removal in a future version. Use timezone-aware objects to represent datetimes in UTC: datetime.datetime.now(datetime.UTC).
  t0 = dt.datetime.utcnow()
C:\Users\deadz\Downloads\risky_bot_full_topk_with_bat\run_loop_multi.py:18: DeprecationWarning: datetime.datetime.utcnow() is deprecated and scheduled for removal in a future version. Use timezone-aware objects to represent datetimes in UTC: datetime.datetime.now(datetime.UTC).
  return dt.datetime.utcnow().replace(microsecond=0).isoformat() + "Z"
[2025-09-18T14:59:30Z] loop start — fetching data...
[info] symbols this pass: 5 (dyn=0)
C:\Users\deadz\Downloads\risky_bot_full_topk_with_bat\run_loop_multi.py:80: DeprecationWarning: datetime.datetime.utcnow() is deprecated and scheduled for removal in a future version. Use timezone-aware objects to represent datetimes in UTC: datetime.datetime.now(datetime.UTC).
  ts = dt.datetime.utcnow().replace(microsecond=0).isoformat() + "Z"
[warn] no symbols — wrote equity heartbeat, sleeping...
C:\Users\deadz\Downloads\risky_bot_full_topk_with_bat\run_loop_multi.py:131: DeprecationWarning: datetime.datetime.utcnow() is deprecated and scheduled for removal in a future version. Use timezone-aware objects to represent datetimes in UTC: datetime.datetime.now(datetime.UTC).
  t0 = dt.datetime.utcnow()
C:\Users\deadz\Downloads\risky_bot_full_topk_with_bat\run_loop_multi.py:18: DeprecationWarning: datetime.datetime.utcnow() is deprecated and scheduled for removal in a future version. Use timezone-aware objects to represent datetimes in UTC: datetime.datetime.now(datetime.UTC).
  return dt.datetime.utcnow().replace(microsecond=0).isoformat() + "Z"
[2025-09-18T15:14:30Z] loop start — fetching data...
[info] symbols this pass: 5 (dyn=0)
C:\Users\deadz\Downloads\risky_bot_full_topk_with_bat\run_loop_multi.py:80: DeprecationWarning: datetime.datetime.utcnow() is deprecated and scheduled for removal in a future version. Use timezone-aware objects to represent datetimes in UTC: datetime.datetime.now(datetime.UTC).
  ts = dt.datetime.utcnow().replace(microsecond=0).isoformat() + "Z"
[warn] no symbols — wrote equity heartbeat, sleeping...
C:\Users\deadz\Downloads\risky_bot_full_topk_with_bat\run_loop_multi.py:131: DeprecationWarning: datetime.datetime.utcnow() is deprecated and scheduled for removal in a future version. Use timezone-aware objects to represent datetimes in UTC: datetime.datetime.now(datetime.UTC).
  t0 = dt.datetime.utcnow()
C:\Users\deadz\Downloads\risky_bot_full_topk_with_bat\run_loop_multi.py:18: DeprecationWarning: datetime.datetime.utcnow() is deprecated and scheduled for removal in a future version. Use timezone-aware objects to represent datetimes in UTC: datetime.datetime.now(datetime.UTC).
  return dt.datetime.utcnow().replace(microsecond=0).isoformat() + "Z"
[2025-09-18T15:29:31Z] loop start — fetching data...
[info] symbols this pass: 5 (dyn=0)
C:\Users\deadz\Downloads\risky_bot_full_topk_with_bat\run_loop_multi.py:80: DeprecationWarning: datetime.datetime.utcnow() is deprecated and scheduled for removal in a future version. Use timezone-aware objects to represent datetimes in UTC: datetime.datetime.now(datetime.UTC).
  ts = dt.datetime.utcnow().replace(microsecond=0).isoformat() + "Z"
[warn] no symbols — wrote equity heartbeat, sleeping...
C:\Users\deadz\Downloads\risky_bot_full_topk_with_bat\run_loop_multi.py:131: DeprecationWarning: datetime.datetime.utcnow() is deprecated and scheduled for removal in a future version. Use timezone-aware objects to represent datetimes in UTC: datetime.datetime.now(datetime.UTC).
  t0 = dt.datetime.utcnow()
C:\Users\deadz\Downloads\risky_bot_full_topk_with_bat\run_loop_multi.py:18: DeprecationWarning: datetime.datetime.utcnow() is deprecated and scheduled for removal in a future version. Use timezone-aware objects to represent datetimes in UTC: datetime.datetime.now(datetime.UTC).
  return dt.datetime.utcnow().replace(microsecond=0).isoformat() + "Z"
[2025-09-18T15:44:32Z] loop start — fetching data...
[info] symbols this pass: 5 (dyn=0)
C:\Users\deadz\Downloads\risky_bot_full_topk_with_bat\run_loop_multi.py:80: DeprecationWarning: datetime.datetime.utcnow() is deprecated and scheduled for removal in a future version. Use timezone-aware objects to represent datetimes in UTC: datetime.datetime.now(datetime.UTC).
  ts = dt.datetime.utcnow().replace(microsecond=0).isoformat() + "Z"
[warn] no symbols — wrote equity heartbeat, sleeping...
C:\Users\deadz\Downloads\risky_bot_full_topk_with_bat\run_loop_multi.py:131: DeprecationWarning: datetime.datetime.utcnow() is deprecated and scheduled for removal in a future version. Use timezone-aware objects to represent datetimes in UTC: datetime.datetime.now(datetime.UTC).
  t0 = dt.datetime.utcnow()
C:\Users\deadz\Downloads\risky_bot_full_topk_with_bat\run_loop_multi.py:18: DeprecationWarning: datetime.datetime.utcnow() is deprecated and scheduled for removal in a future version. Use timezone-aware objects to represent datetimes in UTC: datetime.datetime.now(datetime.UTC).
  return dt.datetime.utcnow().replace(microsecond=0).isoformat() + "Z"
[2025-09-18T15:59:33Z] loop start — fetching data...
[info] symbols this pass: 5 (dyn=0)
C:\Users\deadz\Downloads\risky_bot_full_topk_with_bat\run_loop_multi.py:80: DeprecationWarning: datetime.datetime.utcnow() is deprecated and scheduled for removal in a future version. Use timezone-aware objects to represent datetimes in UTC: datetime.datetime.now(datetime.UTC).
  ts = dt.datetime.utcnow().replace(microsecond=0).isoformat() + "Z"
[warn] no symbols — wrote equity heartbeat, sleeping...
C:\Users\deadz\Downloads\risky_bot_full_topk_with_bat\run_loop_multi.py:131: DeprecationWarning: datetime.datetime.utcnow() is deprecated and scheduled for removal in a future version. Use timezone-aware objects to represent datetimes in UTC: datetime.datetime.now(datetime.UTC).
  t0 = dt.datetime.utcnow()
C:\Users\deadz\Downloads\risky_bot_full_topk_with_bat\run_loop_multi.py:18: DeprecationWarning: datetime.datetime.utcnow() is deprecated and scheduled for removal in a future version. Use timezone-aware objects to represent datetimes in UTC: datetime.datetime.now(datetime.UTC).
  return dt.datetime.utcnow().replace(microsecond=0).isoformat() + "Z"
[2025-09-18T16:14:34Z] loop start — fetching data...
[info] symbols this pass: 5 (dyn=0)
C:\Users\deadz\Downloads\risky_bot_full_topk_with_bat\run_loop_multi.py:80: DeprecationWarning: datetime.datetime.utcnow() is deprecated and scheduled for removal in a future version. Use timezone-aware objects to represent datetimes in UTC: datetime.datetime.now(datetime.UTC).
  ts = dt.datetime.utcnow().replace(microsecond=0).isoformat() + "Z"
[warn] no symbols — wrote equity heartbeat, sleeping...
C:\Users\deadz\Downloads\risky_bot_full_topk_with_bat\run_loop_multi.py:131: DeprecationWarning: datetime.datetime.utcnow() is deprecated and scheduled for removal in a future version. Use timezone-aware objects to represent datetimes in UTC: datetime.datetime.now(datetime.UTC).
  t0 = dt.datetime.utcnow()
C:\Users\deadz\Downloads\risky_bot_full_topk_with_bat\run_loop_multi.py:18: DeprecationWarning: datetime.datetime.utcnow() is deprecated and scheduled for removal in a future version. Use timezone-aware objects to represent datetimes in UTC: datetime.datetime.now(datetime.UTC).
  return dt.datetime.utcnow().replace(microsecond=0).isoformat() + "Z"
[2025-09-18T16:29:34Z] loop start — fetching data...
[info] symbols this pass: 5 (dyn=0)
C:\Users\deadz\Downloads\risky_bot_full_topk_with_bat\run_loop_multi.py:80: DeprecationWarning: datetime.datetime.utcnow() is deprecated and scheduled for removal in a future version. Use timezone-aware objects to represent datetimes in UTC: datetime.datetime.now(datetime.UTC).
  ts = dt.datetime.utcnow().replace(microsecond=0).isoformat() + "Z"
[warn] no symbols — wrote equity heartbeat, sleeping...
C:\Users\deadz\Downloads\risky_bot_full_topk_with_bat\run_loop_multi.py:131: DeprecationWarning: datetime.datetime.utcnow() is deprecated and scheduled for removal in a future version. Use timezone-aware objects to represent datetimes in UTC: datetime.datetime.now(datetime.UTC).
  t0 = dt.datetime.utcnow()
C:\Users\deadz\Downloads\risky_bot_full_topk_with_bat\run_loop_multi.py:18: DeprecationWarning: datetime.datetime.utcnow() is deprecated and scheduled for removal in a future version. Use timezone-aware objects to represent datetimes in UTC: datetime.datetime.now(datetime.UTC).
  return dt.datetime.utcnow().replace(microsecond=0).isoformat() + "Z"
[2025-09-18T16:44:35Z] loop start — fetching data...
[info] symbols this pass: 5 (dyn=0)
C:\Users\deadz\Downloads\risky_bot_full_topk_with_bat\run_loop_multi.py:80: DeprecationWarning: datetime.datetime.utcnow() is deprecated and scheduled for removal in a future version. Use timezone-aware objects to represent datetimes in UTC: datetime.datetime.now(datetime.UTC).
  ts = dt.datetime.utcnow().replace(microsecond=0).isoformat() + "Z"
[warn] no symbols — wrote equity heartbeat, sleeping...
C:\Users\deadz\Downloads\risky_bot_full_topk_with_bat\run_loop_multi.py:131: DeprecationWarning: datetime.datetime.utcnow() is deprecated and scheduled for removal in a future version. Use timezone-aware objects to represent datetimes in UTC: datetime.datetime.now(datetime.UTC).
  t0 = dt.datetime.utcnow()
C:\Users\deadz\Downloads\risky_bot_full_topk_with_bat\run_loop_multi.py:18: DeprecationWarning: datetime.datetime.utcnow() is deprecated and scheduled for removal in a future version. Use timezone-aware objects to represent datetimes in UTC: datetime.datetime.now(datetime.UTC).
  return dt.datetime.utcnow().replace(microsecond=0).isoformat() + "Z"
[2025-09-18T16:59:36Z] loop start — fetching data...
[info] symbols this pass: 5 (dyn=0)
C:\Users\deadz\Downloads\risky_bot_full_topk_with_bat\run_loop_multi.py:80: DeprecationWarning: datetime.datetime.utcnow() is deprecated and scheduled for removal in a future version. Use timezone-aware objects to represent datetimes in UTC: datetime.datetime.now(datetime.UTC).
  ts = dt.datetime.utcnow().replace(microsecond=0).isoformat() + "Z"
[warn] no symbols — wrote equity heartbeat, sleeping...
C:\Users\deadz\Downloads\risky_bot_full_topk_with_bat\run_loop_multi.py:131: DeprecationWarning: datetime.datetime.utcnow() is deprecated and scheduled for removal in a future version. Use timezone-aware objects to represent datetimes in UTC: datetime.datetime.now(datetime.UTC).
  t0 = dt.datetime.utcnow()
C:\Users\deadz\Downloads\risky_bot_full_topk_with_bat\run_loop_multi.py:18: DeprecationWarning: datetime.datetime.utcnow() is deprecated and scheduled for removal in a future version. Use timezone-aware objects to represent datetimes in UTC: datetime.datetime.now(datetime.UTC).
  return dt.datetime.utcnow().replace(microsecond=0).isoformat() + "Z"
[2025-09-18T17:14:37Z] loop start — fetching data...
[info] symbols this pass: 5 (dyn=0)
C:\Users\deadz\Downloads\risky_bot_full_topk_with_bat\run_loop_multi.py:80: DeprecationWarning: datetime.datetime.utcnow() is deprecated and scheduled for removal in a future version. Use timezone-aware objects to represent datetimes in UTC: datetime.datetime.now(datetime.UTC).
  ts = dt.datetime.utcnow().replace(microsecond=0).isoformat() + "Z"
[warn] no symbols — wrote equity heartbeat, sleeping...
C:\Users\deadz\Downloads\risky_bot_full_topk_with_bat\run_loop_multi.py:131: DeprecationWarning: datetime.datetime.utcnow() is deprecated and scheduled for removal in a future version. Use timezone-aware objects to represent datetimes in UTC: datetime.datetime.now(datetime.UTC).
  t0 = dt.datetime.utcnow()
C:\Users\deadz\Downloads\risky_bot_full_topk_with_bat\run_loop_multi.py:18: DeprecationWarning: datetime.datetime.utcnow() is deprecated and scheduled for removal in a future version. Use timezone-aware objects to represent datetimes in UTC: datetime.datetime.now(datetime.UTC).
  return dt.datetime.utcnow().replace(microsecond=0).isoformat() + "Z"
[2025-09-18T17:29:38Z] loop start — fetching data...
[info] symbols this pass: 5 (dyn=0)
C:\Users\deadz\Downloads\risky_bot_full_topk_with_bat\run_loop_multi.py:80: DeprecationWarning: datetime.datetime.utcnow() is deprecated and scheduled for removal in a future version. Use timezone-aware objects to represent datetimes in UTC: datetime.datetime.now(datetime.UTC).
  ts = dt.datetime.utcnow().replace(microsecond=0).isoformat() + "Z"
[warn] no symbols — wrote equity heartbeat, sleeping...
C:\Users\deadz\Downloads\risky_bot_full_topk_with_bat\run_loop_multi.py:131: DeprecationWarning: datetime.datetime.utcnow() is deprecated and scheduled for removal in a future version. Use timezone-aware objects to represent datetimes in UTC: datetime.datetime.now(datetime.UTC).
  t0 = dt.datetime.utcnow()
C:\Users\deadz\Downloads\risky_bot_full_topk_with_bat\run_loop_multi.py:18: DeprecationWarning: datetime.datetime.utcnow() is deprecated and scheduled for removal in a future version. Use timezone-aware objects to represent datetimes in UTC: datetime.datetime.now(datetime.UTC).
  return dt.datetime.utcnow().replace(microsecond=0).isoformat() + "Z"
[2025-09-18T17:44:39Z] loop start — fetching data...
[info] symbols this pass: 5 (dyn=0)
C:\Users\deadz\Downloads\risky_bot_full_topk_with_bat\run_loop_multi.py:80: DeprecationWarning: datetime.datetime.utcnow() is deprecated and scheduled for removal in a future version. Use timezone-aware objects to represent datetimes in UTC: datetime.datetime.now(datetime.UTC).
  ts = dt.datetime.utcnow().replace(microsecond=0).isoformat() + "Z"
[warn] no symbols — wrote equity heartbeat, sleeping...
C:\Users\deadz\Downloads\risky_bot_full_topk_with_bat\run_loop_multi.py:131: DeprecationWarning: datetime.datetime.utcnow() is deprecated and scheduled for removal in a future version. Use timezone-aware objects to represent datetimes in UTC: datetime.datetime.now(datetime.UTC).
  t0 = dt.datetime.utcnow()
C:\Users\deadz\Downloads\risky_bot_full_topk_with_bat\run_loop_multi.py:18: DeprecationWarning: datetime.datetime.utcnow() is deprecated and scheduled for removal in a future version. Use timezone-aware objects to represent datetimes in UTC: datetime.datetime.now(datetime.UTC).
  return dt.datetime.utcnow().replace(microsecond=0).isoformat() + "Z"
[2025-09-18T17:59:40Z] loop start — fetching data...
[info] symbols this pass: 5 (dyn=0)
C:\Users\deadz\Downloads\risky_bot_full_topk_with_bat\run_loop_multi.py:80: DeprecationWarning: datetime.datetime.utcnow() is deprecated and scheduled for removal in a future version. Use timezone-aware objects to represent datetimes in UTC: datetime.datetime.now(datetime.UTC).
  ts = dt.datetime.utcnow().replace(microsecond=0).isoformat() + "Z"
[warn] no symbols — wrote equity heartbeat, sleeping...
C:\Users\deadz\Downloads\risky_bot_full_topk_with_bat\run_loop_multi.py:131: DeprecationWarning: datetime.datetime.utcnow() is deprecated and scheduled for removal in a future version. Use timezone-aware objects to represent datetimes in UTC: datetime.datetime.now(datetime.UTC).
  t0 = dt.datetime.utcnow()
C:\Users\deadz\Downloads\risky_bot_full_topk_with_bat\run_loop_multi.py:18: DeprecationWarning: datetime.datetime.utcnow() is deprecated and scheduled for removal in a future version. Use timezone-aware objects to represent datetimes in UTC: datetime.datetime.now(datetime.UTC).
  return dt.datetime.utcnow().replace(microsecond=0).isoformat() + "Z"
[2025-09-18T18:14:41Z] loop start — fetching data...
[info] symbols this pass: 5 (dyn=0)
C:\Users\deadz\Downloads\risky_bot_full_topk_with_bat\run_loop_multi.py:80: DeprecationWarning: datetime.datetime.utcnow() is deprecated and scheduled for removal in a future version. Use timezone-aware objects to represent datetimes in UTC: datetime.datetime.now(datetime.UTC).
  ts = dt.datetime.utcnow().replace(microsecond=0).isoformat() + "Z"
[warn] no symbols — wrote equity heartbeat, sleeping...
C:\Users\deadz\Downloads\risky_bot_full_topk_with_bat\run_loop_multi.py:131: DeprecationWarning: datetime.datetime.utcnow() is deprecated and scheduled for removal in a future version. Use timezone-aware objects to represent datetimes in UTC: datetime.datetime.now(datetime.UTC).
  t0 = dt.datetime.utcnow()
C:\Users\deadz\Downloads\risky_bot_full_topk_with_bat\run_loop_multi.py:18: DeprecationWarning: datetime.datetime.utcnow() is deprecated and scheduled for removal in a future version. Use timezone-aware objects to represent datetimes in UTC: datetime.datetime.now(datetime.UTC).
  return dt.datetime.utcnow().replace(microsecond=0).isoformat() + "Z"
[2025-09-18T18:29:42Z] loop start — fetching data...
[info] symbols this pass: 5 (dyn=0)
C:\Users\deadz\Downloads\risky_bot_full_topk_with_bat\run_loop_multi.py:80: DeprecationWarning: datetime.datetime.utcnow() is deprecated and scheduled for removal in a future version. Use timezone-aware objects to represent datetimes in UTC: datetime.datetime.now(datetime.UTC).
  ts = dt.datetime.utcnow().replace(microsecond=0).isoformat() + "Z"
[warn] no symbols — wrote equity heartbeat, sleeping...
C:\Users\deadz\Downloads\risky_bot_full_topk_with_bat\run_loop_multi.py:131: DeprecationWarning: datetime.datetime.utcnow() is deprecated and scheduled for removal in a future version. Use timezone-aware objects to represent datetimes in UTC: datetime.datetime.now(datetime.UTC).
  t0 = dt.datetime.utcnow()
C:\Users\deadz\Downloads\risky_bot_full_topk_with_bat\run_loop_multi.py:18: DeprecationWarning: datetime.datetime.utcnow() is deprecated and scheduled for removal in a future version. Use timezone-aware objects to represent datetimes in UTC: datetime.datetime.now(datetime.UTC).
  return dt.datetime.utcnow().replace(microsecond=0).isoformat() + "Z"
[2025-09-18T18:44:43Z] loop start — fetching data...
[info] symbols this pass: 5 (dyn=0)
C:\Users\deadz\Downloads\risky_bot_full_topk_with_bat\run_loop_multi.py:80: DeprecationWarning: datetime.datetime.utcnow() is deprecated and scheduled for removal in a future version. Use timezone-aware objects to represent datetimes in UTC: datetime.datetime.now(datetime.UTC).
  ts = dt.datetime.utcnow().replace(microsecond=0).isoformat() + "Z"
[warn] no symbols — wrote equity heartbeat, sleeping...
C:\Users\deadz\Downloads\risky_bot_full_topk_with_bat\run_loop_multi.py:131: DeprecationWarning: datetime.datetime.utcnow() is deprecated and scheduled for removal in a future version. Use timezone-aware objects to represent datetimes in UTC: datetime.datetime.now(datetime.UTC).
  t0 = dt.datetime.utcnow()
C:\Users\deadz\Downloads\risky_bot_full_topk_with_bat\run_loop_multi.py:18: DeprecationWarning: datetime.datetime.utcnow() is deprecated and scheduled for removal in a future version. Use timezone-aware objects to represent datetimes in UTC: datetime.datetime.now(datetime.UTC).
  return dt.datetime.utcnow().replace(microsecond=0).isoformat() + "Z"
[2025-09-18T18:59:43Z] loop start — fetching data...
[info] symbols this pass: 5 (dyn=0)
C:\Users\deadz\Downloads\risky_bot_full_topk_with_bat\run_loop_multi.py:80: DeprecationWarning: datetime.datetime.utcnow() is deprecated and scheduled for removal in a future version. Use timezone-aware objects to represent datetimes in UTC: datetime.datetime.now(datetime.UTC).
  ts = dt.datetime.utcnow().replace(microsecond=0).isoformat() + "Z"
[warn] no symbols — wrote equity heartbeat, sleeping...
C:\Users\deadz\Downloads\risky_bot_full_topk_with_bat\run_loop_multi.py:131: DeprecationWarning: datetime.datetime.utcnow() is deprecated and scheduled for removal in a future version. Use timezone-aware objects to represent datetimes in UTC: datetime.datetime.now(datetime.UTC).
  t0 = dt.datetime.utcnow()
C:\Users\deadz\Downloads\risky_bot_full_topk_with_bat\run_loop_multi.py:18: DeprecationWarning: datetime.datetime.utcnow() is deprecated and scheduled for removal in a future version. Use timezone-aware objects to represent datetimes in UTC: datetime.datetime.now(datetime.UTC).
  return dt.datetime.utcnow().replace(microsecond=0).isoformat() + "Z"
[2025-09-18T19:14:44Z] loop start — fetching data...
[info] symbols this pass: 5 (dyn=0)
C:\Users\deadz\Downloads\risky_bot_full_topk_with_bat\run_loop_multi.py:80: DeprecationWarning: datetime.datetime.utcnow() is deprecated and scheduled for removal in a future version. Use timezone-aware objects to represent datetimes in UTC: datetime.datetime.now(datetime.UTC).
  ts = dt.datetime.utcnow().replace(microsecond=0).isoformat() + "Z"
[warn] no symbols — wrote equity heartbeat, sleeping...
C:\Users\deadz\Downloads\risky_bot_full_topk_with_bat\run_loop_multi.py:131: DeprecationWarning: datetime.datetime.utcnow() is deprecated and scheduled for removal in a future version. Use timezone-aware objects to represent datetimes in UTC: datetime.datetime.now(datetime.UTC).
  t0 = dt.datetime.utcnow()
C:\Users\deadz\Downloads\risky_bot_full_topk_with_bat\run_loop_multi.py:18: DeprecationWarning: datetime.datetime.utcnow() is deprecated and scheduled for removal in a future version. Use timezone-aware objects to represent datetimes in UTC: datetime.datetime.now(datetime.UTC).
  return dt.datetime.utcnow().replace(microsecond=0).isoformat() + "Z"
[2025-09-18T19:29:45Z] loop start — fetching data...
[info] symbols this pass: 5 (dyn=0)
C:\Users\deadz\Downloads\risky_bot_full_topk_with_bat\run_loop_multi.py:80: DeprecationWarning: datetime.datetime.utcnow() is deprecated and scheduled for removal in a future version. Use timezone-aware objects to represent datetimes in UTC: datetime.datetime.now(datetime.UTC).
  ts = dt.datetime.utcnow().replace(microsecond=0).isoformat() + "Z"
[warn] no symbols — wrote equity heartbeat, sleeping...
C:\Users\deadz\Downloads\risky_bot_full_topk_with_bat\run_loop_multi.py:131: DeprecationWarning: datetime.datetime.utcnow() is deprecated and scheduled for removal in a future version. Use timezone-aware objects to represent datetimes in UTC: datetime.datetime.now(datetime.UTC).
  t0 = dt.datetime.utcnow()
C:\Users\deadz\Downloads\risky_bot_full_topk_with_bat\run_loop_multi.py:18: DeprecationWarning: datetime.datetime.utcnow() is deprecated and scheduled for removal in a future version. Use timezone-aware objects to represent datetimes in UTC: datetime.datetime.now(datetime.UTC).
  return dt.datetime.utcnow().replace(microsecond=0).isoformat() + "Z"
[2025-09-18T19:44:46Z] loop start — fetching data...
[info] symbols this pass: 5 (dyn=0)
C:\Users\deadz\Downloads\risky_bot_full_topk_with_bat\run_loop_multi.py:80: DeprecationWarning: datetime.datetime.utcnow() is deprecated and scheduled for removal in a future version. Use timezone-aware objects to represent datetimes in UTC: datetime.datetime.now(datetime.UTC).
  ts = dt.datetime.utcnow().replace(microsecond=0).isoformat() + "Z"
[warn] no symbols — wrote equity heartbeat, sleeping...
C:\Users\deadz\Downloads\risky_bot_full_topk_with_bat\run_loop_multi.py:131: DeprecationWarning: datetime.datetime.utcnow() is deprecated and scheduled for removal in a future version. Use timezone-aware objects to represent datetimes in UTC: datetime.datetime.now(datetime.UTC).
  t0 = dt.datetime.utcnow()
C:\Users\deadz\Downloads\risky_bot_full_topk_with_bat\run_loop_multi.py:18: DeprecationWarning: datetime.datetime.utcnow() is deprecated and scheduled for removal in a future version. Use timezone-aware objects to represent datetimes in UTC: datetime.datetime.now(datetime.UTC).
  return dt.datetime.utcnow().replace(microsecond=0).isoformat() + "Z"
[2025-09-18T19:59:47Z] loop start — fetching data...
[info] symbols this pass: 5 (dyn=0)
C:\Users\deadz\Downloads\risky_bot_full_topk_with_bat\run_loop_multi.py:80: DeprecationWarning: datetime.datetime.utcnow() is deprecated and scheduled for removal in a future version. Use timezone-aware objects to represent datetimes in UTC: datetime.datetime.now(datetime.UTC).
  ts = dt.datetime.utcnow().replace(microsecond=0).isoformat() + "Z"
[warn] no symbols — wrote equity heartbeat, sleeping...
C:\Users\deadz\Downloads\risky_bot_full_topk_with_bat\run_loop_multi.py:131: DeprecationWarning: datetime.datetime.utcnow() is deprecated and scheduled for removal in a future version. Use timezone-aware objects to represent datetimes in UTC: datetime.datetime.now(datetime.UTC).
  t0 = dt.datetime.utcnow()
C:\Users\deadz\Downloads\risky_bot_full_topk_with_bat\run_loop_multi.py:18: DeprecationWarning: datetime.datetime.utcnow() is deprecated and scheduled for removal in a future version. Use timezone-aware objects to represent datetimes in UTC: datetime.datetime.now(datetime.UTC).
  return dt.datetime.utcnow().replace(microsecond=0).isoformat() + "Z"
[2025-09-18T20:14:48Z] loop start — fetching data...
[info] symbols this pass: 5 (dyn=0)
C:\Users\deadz\Downloads\risky_bot_full_topk_with_bat\run_loop_multi.py:80: DeprecationWarning: datetime.datetime.utcnow() is deprecated and scheduled for removal in a future version. Use timezone-aware objects to represent datetimes in UTC: datetime.datetime.now(datetime.UTC).
  ts = dt.datetime.utcnow().replace(microsecond=0).isoformat() + "Z"
[warn] no symbols — wrote equity heartbeat, sleeping...
C:\Users\deadz\Downloads\risky_bot_full_topk_with_bat\run_loop_multi.py:131: DeprecationWarning: datetime.datetime.utcnow() is deprecated and scheduled for removal in a future version. Use timezone-aware objects to represent datetimes in UTC: datetime.datetime.now(datetime.UTC).
  t0 = dt.datetime.utcnow()
C:\Users\deadz\Downloads\risky_bot_full_topk_with_bat\run_loop_multi.py:18: DeprecationWarning: datetime.datetime.utcnow() is deprecated and scheduled for removal in a future version. Use timezone-aware objects to represent datetimes in UTC: datetime.datetime.now(datetime.UTC).
  return dt.datetime.utcnow().replace(microsecond=0).isoformat() + "Z"
[2025-09-18T20:29:49Z] loop start — fetching data...
[info] symbols this pass: 5 (dyn=0)
C:\Users\deadz\Downloads\risky_bot_full_topk_with_bat\run_loop_multi.py:80: DeprecationWarning: datetime.datetime.utcnow() is deprecated and scheduled for removal in a future version. Use timezone-aware objects to represent datetimes in UTC: datetime.datetime.now(datetime.UTC).
  ts = dt.datetime.utcnow().replace(microsecond=0).isoformat() + "Z"
[warn] no symbols — wrote equity heartbeat, sleeping...
C:\Users\deadz\Downloads\risky_bot_full_topk_with_bat\run_loop_multi.py:131: DeprecationWarning: datetime.datetime.utcnow() is deprecated and scheduled for removal in a future version. Use timezone-aware objects to represent datetimes in UTC: datetime.datetime.now(datetime.UTC).
  t0 = dt.datetime.utcnow()
C:\Users\deadz\Downloads\risky_bot_full_topk_with_bat\run_loop_multi.py:18: DeprecationWarning: datetime.datetime.utcnow() is deprecated and scheduled for removal in a future version. Use timezone-aware objects to represent datetimes in UTC: datetime.datetime.now(datetime.UTC).
  return dt.datetime.utcnow().replace(microsecond=0).isoformat() + "Z"
[2025-09-18T20:44:50Z] loop start — fetching data...
[info] symbols this pass: 5 (dyn=0)
C:\Users\deadz\Downloads\risky_bot_full_topk_with_bat\run_loop_multi.py:80: DeprecationWarning: datetime.datetime.utcnow() is deprecated and scheduled for removal in a future version. Use timezone-aware objects to represent datetimes in UTC: datetime.datetime.now(datetime.UTC).
  ts = dt.datetime.utcnow().replace(microsecond=0).isoformat() + "Z"
[warn] no symbols — wrote equity heartbeat, sleeping...
C:\Users\deadz\Downloads\risky_bot_full_topk_with_bat\run_loop_multi.py:131: DeprecationWarning: datetime.datetime.utcnow() is deprecated and scheduled for removal in a future version. Use timezone-aware objects to represent datetimes in UTC: datetime.datetime.now(datetime.UTC).
  t0 = dt.datetime.utcnow()
C:\Users\deadz\Downloads\risky_bot_full_topk_with_bat\run_loop_multi.py:18: DeprecationWarning: datetime.datetime.utcnow() is deprecated and scheduled for removal in a future version. Use timezone-aware objects to represent datetimes in UTC: datetime.datetime.now(datetime.UTC).
  return dt.datetime.utcnow().replace(microsecond=0).isoformat() + "Z"
[2025-09-18T20:59:50Z] loop start — fetching data...
[info] symbols this pass: 5 (dyn=0)
C:\Users\deadz\Downloads\risky_bot_full_topk_with_bat\run_loop_multi.py:80: DeprecationWarning: datetime.datetime.utcnow() is deprecated and scheduled for removal in a future version. Use timezone-aware objects to represent datetimes in UTC: datetime.datetime.now(datetime.UTC).
  ts = dt.datetime.utcnow().replace(microsecond=0).isoformat() + "Z"
[warn] no symbols — wrote equity heartbeat, sleeping...
C:\Users\deadz\Downloads\risky_bot_full_topk_with_bat\run_loop_multi.py:131: DeprecationWarning: datetime.datetime.utcnow() is deprecated and scheduled for removal in a future version. Use timezone-aware objects to represent datetimes in UTC: datetime.datetime.now(datetime.UTC).
  t0 = dt.datetime.utcnow()
C:\Users\deadz\Downloads\risky_bot_full_topk_with_bat\run_loop_multi.py:18: DeprecationWarning: datetime.datetime.utcnow() is deprecated and scheduled for removal in a future version. Use timezone-aware objects to represent datetimes in UTC: datetime.datetime.now(datetime.UTC).
  return dt.datetime.utcnow().replace(microsecond=0).isoformat() + "Z"
[2025-09-18T21:14:51Z] loop start — fetching data...
[info] symbols this pass: 5 (dyn=0)
C:\Users\deadz\Downloads\risky_bot_full_topk_with_bat\run_loop_multi.py:80: DeprecationWarning: datetime.datetime.utcnow() is deprecated and scheduled for removal in a future version. Use timezone-aware objects to represent datetimes in UTC: datetime.datetime.now(datetime.UTC).
  ts = dt.datetime.utcnow().replace(microsecond=0).isoformat() + "Z"
[warn] no symbols — wrote equity heartbeat, sleeping...
C:\Users\deadz\Downloads\risky_bot_full_topk_with_bat\run_loop_multi.py:131: DeprecationWarning: datetime.datetime.utcnow() is deprecated and scheduled for removal in a future version. Use timezone-aware objects to represent datetimes in UTC: datetime.datetime.now(datetime.UTC).
  t0 = dt.datetime.utcnow()
C:\Users\deadz\Downloads\risky_bot_full_topk_with_bat\run_loop_multi.py:18: DeprecationWarning: datetime.datetime.utcnow() is deprecated and scheduled for removal in a future version. Use timezone-aware objects to represent datetimes in UTC: datetime.datetime.now(datetime.UTC).
  return dt.datetime.utcnow().replace(microsecond=0).isoformat() + "Z"
[2025-09-18T21:29:52Z] loop start — fetching data...
[info] symbols this pass: 5 (dyn=0)
C:\Users\deadz\Downloads\risky_bot_full_topk_with_bat\run_loop_multi.py:80: DeprecationWarning: datetime.datetime.utcnow() is deprecated and scheduled for removal in a future version. Use timezone-aware objects to represent datetimes in UTC: datetime.datetime.now(datetime.UTC).
  ts = dt.datetime.utcnow().replace(microsecond=0).isoformat() + "Z"
[warn] no symbols — wrote equity heartbeat, sleeping...
C:\Users\deadz\Downloads\risky_bot_full_topk_with_bat\run_loop_multi.py:131: DeprecationWarning: datetime.datetime.utcnow() is deprecated and scheduled for removal in a future version. Use timezone-aware objects to represent datetimes in UTC: datetime.datetime.now(datetime.UTC).
  t0 = dt.datetime.utcnow()
C:\Users\deadz\Downloads\risky_bot_full_topk_with_bat\run_loop_multi.py:18: DeprecationWarning: datetime.datetime.utcnow() is deprecated and scheduled for removal in a future version. Use timezone-aware objects to represent datetimes in UTC: datetime.datetime.now(datetime.UTC).
  return dt.datetime.utcnow().replace(microsecond=0).isoformat() + "Z"
[2025-09-18T21:44:53Z] loop start — fetching data...
[info] symbols this pass: 5 (dyn=0)
C:\Users\deadz\Downloads\risky_bot_full_topk_with_bat\run_loop_multi.py:80: DeprecationWarning: datetime.datetime.utcnow() is deprecated and scheduled for removal in a future version. Use timezone-aware objects to represent datetimes in UTC: datetime.datetime.now(datetime.UTC).
  ts = dt.datetime.utcnow().replace(microsecond=0).isoformat() + "Z"
[warn] no symbols — wrote equity heartbeat, sleeping...
C:\Users\deadz\Downloads\risky_bot_full_topk_with_bat\run_loop_multi.py:131: DeprecationWarning: datetime.datetime.utcnow() is deprecated and scheduled for removal in a future version. Use timezone-aware objects to represent datetimes in UTC: datetime.datetime.now(datetime.UTC).
  t0 = dt.datetime.utcnow()
C:\Users\deadz\Downloads\risky_bot_full_topk_with_bat\run_loop_multi.py:18: DeprecationWarning: datetime.datetime.utcnow() is deprecated and scheduled for removal in a future version. Use timezone-aware objects to represent datetimes in UTC: datetime.datetime.now(datetime.UTC).
  return dt.datetime.utcnow().replace(microsecond=0).isoformat() + "Z"
[2025-09-18T21:59:54Z] loop start — fetching data...
[info] symbols this pass: 5 (dyn=0)
C:\Users\deadz\Downloads\risky_bot_full_topk_with_bat\run_loop_multi.py:80: DeprecationWarning: datetime.datetime.utcnow() is deprecated and scheduled for removal in a future version. Use timezone-aware objects to represent datetimes in UTC: datetime.datetime.now(datetime.UTC).
  ts = dt.datetime.utcnow().replace(microsecond=0).isoformat() + "Z"
[warn] no symbols — wrote equity heartbeat, sleeping...
C:\Users\deadz\Downloads\risky_bot_full_topk_with_bat\run_loop_multi.py:131: DeprecationWarning: datetime.datetime.utcnow() is deprecated and scheduled for removal in a future version. Use timezone-aware objects to represent datetimes in UTC: datetime.datetime.now(datetime.UTC).
  t0 = dt.datetime.utcnow()
C:\Users\deadz\Downloads\risky_bot_full_topk_with_bat\run_loop_multi.py:18: DeprecationWarning: datetime.datetime.utcnow() is deprecated and scheduled for removal in a future version. Use timezone-aware objects to represent datetimes in UTC: datetime.datetime.now(datetime.UTC).
  return dt.datetime.utcnow().replace(microsecond=0).isoformat() + "Z"
[2025-09-18T22:14:55Z] loop start — fetching data...
[info] symbols this pass: 5 (dyn=0)
C:\Users\deadz\Downloads\risky_bot_full_topk_with_bat\run_loop_multi.py:80: DeprecationWarning: datetime.datetime.utcnow() is deprecated and scheduled for removal in a future version. Use timezone-aware objects to represent datetimes in UTC: datetime.datetime.now(datetime.UTC).
  ts = dt.datetime.utcnow().replace(microsecond=0).isoformat() + "Z"
[warn] no symbols — wrote equity heartbeat, sleeping...
C:\Users\deadz\Downloads\risky_bot_full_topk_with_bat\run_loop_multi.py:131: DeprecationWarning: datetime.datetime.utcnow() is deprecated and scheduled for removal in a future version. Use timezone-aware objects to represent datetimes in UTC: datetime.datetime.now(datetime.UTC).
  t0 = dt.datetime.utcnow()
C:\Users\deadz\Downloads\risky_bot_full_topk_with_bat\run_loop_multi.py:18: DeprecationWarning: datetime.datetime.utcnow() is deprecated and scheduled for removal in a future version. Use timezone-aware objects to represent datetimes in UTC: datetime.datetime.now(datetime.UTC).
  return dt.datetime.utcnow().replace(microsecond=0).isoformat() + "Z"
[2025-09-18T22:29:55Z] loop start — fetching data...
[info] symbols this pass: 5 (dyn=0)
C:\Users\deadz\Downloads\risky_bot_full_topk_with_bat\run_loop_multi.py:80: DeprecationWarning: datetime.datetime.utcnow() is deprecated and scheduled for removal in a future version. Use timezone-aware objects to represent datetimes in UTC: datetime.datetime.now(datetime.UTC).
  ts = dt.datetime.utcnow().replace(microsecond=0).isoformat() + "Z"
[warn] no symbols — wrote equity heartbeat, sleeping...
C:\Users\deadz\Downloads\risky_bot_full_topk_with_bat\run_loop_multi.py:131: DeprecationWarning: datetime.datetime.utcnow() is deprecated and scheduled for removal in a future version. Use timezone-aware objects to represent datetimes in UTC: datetime.datetime.now(datetime.UTC).
  t0 = dt.datetime.utcnow()
C:\Users\deadz\Downloads\risky_bot_full_topk_with_bat\run_loop_multi.py:18: DeprecationWarning: datetime.datetime.utcnow() is deprecated and scheduled for removal in a future version. Use timezone-aware objects to represent datetimes in UTC: datetime.datetime.now(datetime.UTC).
  return dt.datetime.utcnow().replace(microsecond=0).isoformat() + "Z"
[2025-09-18T22:44:56Z] loop start — fetching data...
[info] symbols this pass: 5 (dyn=0)
C:\Users\deadz\Downloads\risky_bot_full_topk_with_bat\run_loop_multi.py:80: DeprecationWarning: datetime.datetime.utcnow() is deprecated and scheduled for removal in a future version. Use timezone-aware objects to represent datetimes in UTC: datetime.datetime.now(datetime.UTC).
  ts = dt.datetime.utcnow().replace(microsecond=0).isoformat() + "Z"
[warn] no symbols — wrote equity heartbeat, sleeping...
C:\Users\deadz\Downloads\risky_bot_full_topk_with_bat\run_loop_multi.py:131: DeprecationWarning: datetime.datetime.utcnow() is deprecated and scheduled for removal in a future version. Use timezone-aware objects to represent datetimes in UTC: datetime.datetime.now(datetime.UTC).
  t0 = dt.datetime.utcnow()
C:\Users\deadz\Downloads\risky_bot_full_topk_with_bat\run_loop_multi.py:18: DeprecationWarning: datetime.datetime.utcnow() is deprecated and scheduled for removal in a future version. Use timezone-aware objects to represent datetimes in UTC: datetime.datetime.now(datetime.UTC).
  return dt.datetime.utcnow().replace(microsecond=0).isoformat() + "Z"
[2025-09-18T22:59:57Z] loop start — fetching data...
[info] symbols this pass: 5 (dyn=0)
C:\Users\deadz\Downloads\risky_bot_full_topk_with_bat\run_loop_multi.py:80: DeprecationWarning: datetime.datetime.utcnow() is deprecated and scheduled for removal in a future version. Use timezone-aware objects to represent datetimes in UTC: datetime.datetime.now(datetime.UTC).
  ts = dt.datetime.utcnow().replace(microsecond=0).isoformat() + "Z"
[warn] no symbols — wrote equity heartbeat, sleeping...
C:\Users\deadz\Downloads\risky_bot_full_topk_with_bat\run_loop_multi.py:131: DeprecationWarning: datetime.datetime.utcnow() is deprecated and scheduled for removal in a future version. Use timezone-aware objects to represent datetimes in UTC: datetime.datetime.now(datetime.UTC).
  t0 = dt.datetime.utcnow()
C:\Users\deadz\Downloads\risky_bot_full_topk_with_bat\run_loop_multi.py:18: DeprecationWarning: datetime.datetime.utcnow() is deprecated and scheduled for removal in a future version. Use timezone-aware objects to represent datetimes in UTC: datetime.datetime.now(datetime.UTC).
  return dt.datetime.utcnow().replace(microsecond=0).isoformat() + "Z"
[2025-09-18T23:14:58Z] loop start — fetching data...
[info] symbols this pass: 5 (dyn=0)
C:\Users\deadz\Downloads\risky_bot_full_topk_with_bat\run_loop_multi.py:80: DeprecationWarning: datetime.datetime.utcnow() is deprecated and scheduled for removal in a future version. Use timezone-aware objects to represent datetimes in UTC: datetime.datetime.now(datetime.UTC).
  ts = dt.datetime.utcnow().replace(microsecond=0).isoformat() + "Z"
[warn] no symbols — wrote equity heartbeat, sleeping...
C:\Users\deadz\Downloads\risky_bot_full_topk_with_bat\run_loop_multi.py:131: DeprecationWarning: datetime.datetime.utcnow() is deprecated and scheduled for removal in a future version. Use timezone-aware objects to represent datetimes in UTC: datetime.datetime.now(datetime.UTC).
  t0 = dt.datetime.utcnow()
C:\Users\deadz\Downloads\risky_bot_full_topk_with_bat\run_loop_multi.py:18: DeprecationWarning: datetime.datetime.utcnow() is deprecated and scheduled for removal in a future version. Use timezone-aware objects to represent datetimes in UTC: datetime.datetime.now(datetime.UTC).
  return dt.datetime.utcnow().replace(microsecond=0).isoformat() + "Z"
[2025-09-18T23:30:00Z] loop start — fetching data...
[info] symbols this pass: 5 (dyn=0)
C:\Users\deadz\Downloads\risky_bot_full_topk_with_bat\run_loop_multi.py:80: DeprecationWarning: datetime.datetime.utcnow() is deprecated and scheduled for removal in a future version. Use timezone-aware objects to represent datetimes in UTC: datetime.datetime.now(datetime.UTC).
  ts = dt.datetime.utcnow().replace(microsecond=0).isoformat() + "Z"
[warn] no symbols — wrote equity heartbeat, sleeping...
C:\Users\deadz\Downloads\risky_bot_full_topk_with_bat\run_loop_multi.py:131: DeprecationWarning: datetime.datetime.utcnow() is deprecated and scheduled for removal in a future version. Use timezone-aware objects to represent datetimes in UTC: datetime.datetime.now(datetime.UTC).
  t0 = dt.datetime.utcnow()
C:\Users\deadz\Downloads\risky_bot_full_topk_with_bat\run_loop_multi.py:18: DeprecationWarning: datetime.datetime.utcnow() is deprecated and scheduled for removal in a future version. Use timezone-aware objects to represent datetimes in UTC: datetime.datetime.now(datetime.UTC).
  return dt.datetime.utcnow().replace(microsecond=0).isoformat() + "Z"
[2025-09-18T23:45:01Z] loop start — fetching data...
[info] symbols this pass: 5 (dyn=0)
C:\Users\deadz\Downloads\risky_bot_full_topk_with_bat\run_loop_multi.py:80: DeprecationWarning: datetime.datetime.utcnow() is deprecated and scheduled for removal in a future version. Use timezone-aware objects to represent datetimes in UTC: datetime.datetime.now(datetime.UTC).
  ts = dt.datetime.utcnow().replace(microsecond=0).isoformat() + "Z"
[warn] no symbols — wrote equity heartbeat, sleeping...
C:\Users\deadz\Downloads\risky_bot_full_topk_with_bat\run_loop_multi.py:131: DeprecationWarning: datetime.datetime.utcnow() is deprecated and scheduled for removal in a future version. Use timezone-aware objects to represent datetimes in UTC: datetime.datetime.now(datetime.UTC).
  t0 = dt.datetime.utcnow()
C:\Users\deadz\Downloads\risky_bot_full_topk_with_bat\run_loop_multi.py:18: DeprecationWarning: datetime.datetime.utcnow() is deprecated and scheduled for removal in a future version. Use timezone-aware objects to represent datetimes in UTC: datetime.datetime.now(datetime.UTC).
  return dt.datetime.utcnow().replace(microsecond=0).isoformat() + "Z"
[2025-09-19T00:00:02Z] loop start — fetching data...
[info] symbols this pass: 5 (dyn=0)
C:\Users\deadz\Downloads\risky_bot_full_topk_with_bat\run_loop_multi.py:80: DeprecationWarning: datetime.datetime.utcnow() is deprecated and scheduled for removal in a future version. Use timezone-aware objects to represent datetimes in UTC: datetime.datetime.now(datetime.UTC).
  ts = dt.datetime.utcnow().replace(microsecond=0).isoformat() + "Z"
[warn] no symbols — wrote equity heartbeat, sleeping...
C:\Users\deadz\Downloads\risky_bot_full_topk_with_bat\run_loop_multi.py:131: DeprecationWarning: datetime.datetime.utcnow() is deprecated and scheduled for removal in a future version. Use timezone-aware objects to represent datetimes in UTC: datetime.datetime.now(datetime.UTC).
  t0 = dt.datetime.utcnow()
C:\Users\deadz\Downloads\risky_bot_full_topk_with_bat\run_loop_multi.py:18: DeprecationWarning: datetime.datetime.utcnow() is deprecated and scheduled for removal in a future version. Use timezone-aware objects to represent datetimes in UTC: datetime.datetime.now(datetime.UTC).
  return dt.datetime.utcnow().replace(microsecond=0).isoformat() + "Z"
[2025-09-19T00:15:03Z] loop start — fetching data...
[info] symbols this pass: 5 (dyn=0)
C:\Users\deadz\Downloads\risky_bot_full_topk_with_bat\run_loop_multi.py:80: DeprecationWarning: datetime.datetime.utcnow() is deprecated and scheduled for removal in a future version. Use timezone-aware objects to represent datetimes in UTC: datetime.datetime.now(datetime.UTC).
  ts = dt.datetime.utcnow().replace(microsecond=0).isoformat() + "Z"
[warn] no symbols — wrote equity heartbeat, sleeping...
C:\Users\deadz\Downloads\risky_bot_full_topk_with_bat\run_loop_multi.py:131: DeprecationWarning: datetime.datetime.utcnow() is deprecated and scheduled for removal in a future version. Use timezone-aware objects to represent datetimes in UTC: datetime.datetime.now(datetime.UTC).
  t0 = dt.datetime.utcnow()
C:\Users\deadz\Downloads\risky_bot_full_topk_with_bat\run_loop_multi.py:18: DeprecationWarning: datetime.datetime.utcnow() is deprecated and scheduled for removal in a future version. Use timezone-aware objects to represent datetimes in UTC: datetime.datetime.now(datetime.UTC).
  return dt.datetime.utcnow().replace(microsecond=0).isoformat() + "Z"
[2025-09-19T00:30:04Z] loop start — fetching data...
[info] symbols this pass: 5 (dyn=0)
C:\Users\deadz\Downloads\risky_bot_full_topk_with_bat\run_loop_multi.py:80: DeprecationWarning: datetime.datetime.utcnow() is deprecated and scheduled for removal in a future version. Use timezone-aware objects to represent datetimes in UTC: datetime.datetime.now(datetime.UTC).
  ts = dt.datetime.utcnow().replace(microsecond=0).isoformat() + "Z"
[warn] no symbols — wrote equity heartbeat, sleeping...
C:\Users\deadz\Downloads\risky_bot_full_topk_with_bat\run_loop_multi.py:131: DeprecationWarning: datetime.datetime.utcnow() is deprecated and scheduled for removal in a future version. Use timezone-aware objects to represent datetimes in UTC: datetime.datetime.now(datetime.UTC).
  t0 = dt.datetime.utcnow()
C:\Users\deadz\Downloads\risky_bot_full_topk_with_bat\run_loop_multi.py:18: DeprecationWarning: datetime.datetime.utcnow() is deprecated and scheduled for removal in a future version. Use timezone-aware objects to represent datetimes in UTC: datetime.datetime.now(datetime.UTC).
  return dt.datetime.utcnow().replace(microsecond=0).isoformat() + "Z"
[2025-09-19T00:45:11Z] loop start — fetching data...
[info] symbols this pass: 5 (dyn=0)
[warn] no symbols — wrote equity heartbeat, sleeping...
[2025-09-19T01:00:33Z] loop start — fetching data...
[info] symbols this pass: 5 (dyn=0)
[warn] no symbols — wrote equity heartbeat, sleeping...
[2025-09-19T01:15:33Z] loop start — fetching data...
[info] symbols this pass: 5 (dyn=0)
C:\Users\deadz\Downloads\risky_bot_full_topk_with_bat\run_loop_multi.py:80: DeprecationWarning: datetime.datetime.utcnow() is deprecated and scheduled for removal in a future version. Use timezone-aware objects to represent datetimes in UTC: datetime.datetime.now(datetime.UTC).
  ts = dt.datetime.utcnow().replace(microsecond=0).isoformat() + "Z"
[warn] no symbols — wrote equity heartbeat, sleeping...
C:\Users\deadz\Downloads\risky_bot_full_topk_with_bat\run_loop_multi.py:131: DeprecationWarning: datetime.datetime.utcnow() is deprecated and scheduled for removal in a future version. Use timezone-aware objects to represent datetimes in UTC: datetime.datetime.now(datetime.UTC).
  t0 = dt.datetime.utcnow()
C:\Users\deadz\Downloads\risky_bot_full_topk_with_bat\run_loop_multi.py:18: DeprecationWarning: datetime.datetime.utcnow() is deprecated and scheduled for removal in a future version. Use timezone-aware objects to represent datetimes in UTC: datetime.datetime.now(datetime.UTC).
  return dt.datetime.utcnow().replace(microsecond=0).isoformat() + "Z"
[2025-09-19T01:31:05Z] loop start — fetching data...
[info] symbols this pass: 5 (dyn=0)
[warn] no symbols — wrote equity heartbeat, sleeping...
^C